2020-07-15 16:24:26,658 INFO o.a.j.u.JMeterUtils: Setting Locale to en_EN
2020-07-15 16:24:26,703 INFO o.a.j.JMeter: Loading user properties from: /home/christophe/Documents/Jmeter/apache-jmeter-5.3/bin/user.properties
2020-07-15 16:24:26,704 INFO o.a.j.JMeter: Loading system properties from: /home/christophe/Documents/Jmeter/apache-jmeter-5.3/bin/system.properties
2020-07-15 16:24:26,710 INFO o.a.j.JMeter: Copyright (c) 1998-2020 The Apache Software Foundation
2020-07-15 16:24:26,710 INFO o.a.j.JMeter: Version 5.3
2020-07-15 16:24:26,711 INFO o.a.j.JMeter: java.version=1.8.0_252
2020-07-15 16:24:26,711 INFO o.a.j.JMeter: java.vm.name=OpenJDK 64-Bit Server VM
2020-07-15 16:24:26,711 INFO o.a.j.JMeter: os.name=Linux
2020-07-15 16:24:26,712 INFO o.a.j.JMeter: os.arch=amd64
2020-07-15 16:24:26,712 INFO o.a.j.JMeter: os.version=5.3.0-62-generic
2020-07-15 16:24:26,712 INFO o.a.j.JMeter: file.encoding=UTF-8
2020-07-15 16:24:26,713 INFO o.a.j.JMeter: java.awt.headless=true
2020-07-15 16:24:26,713 INFO o.a.j.JMeter: Max memory     =1073741824
2020-07-15 16:24:26,713 INFO o.a.j.JMeter: Available Processors =4
2020-07-15 16:24:26,730 INFO o.a.j.JMeter: Default Locale=English (EN)
2020-07-15 16:24:26,731 INFO o.a.j.JMeter: JMeter  Locale=English (EN)
2020-07-15 16:24:26,732 INFO o.a.j.JMeter: JMeterHome=/home/christophe/Documents/Jmeter/apache-jmeter-5.3
2020-07-15 16:24:26,732 INFO o.a.j.JMeter: user.dir  =/home/christophe/Documents/CI-CD/automation-cicd-christophevalens/performance
2020-07-15 16:24:26,733 INFO o.a.j.JMeter: PWD       =/home/christophe/Documents/CI-CD/automation-cicd-christophevalens/performance
2020-07-15 16:24:26,734 INFO o.a.j.JMeter: IP: 127.0.1.1 Name: christophe-VirtualBox FullName: christophe-VirtualBox
2020-07-15 16:24:26,747 INFO o.a.j.JMeter: Setting property 'jmeter.reportgenerator.outputdir' to:'/home/christophe/Documents/CI-CD/automation-cicd-christophevalens/performance/html-reports'
2020-07-15 16:24:26,755 INFO o.a.j.s.FileServer: Default base='/home/christophe/Documents/CI-CD/automation-cicd-christophevalens/performance'
2020-07-15 16:24:26,794 INFO o.a.j.s.FileServer: Set new base='/home/christophe/Documents/CI-CD/automation-cicd-christophevalens/performance/cypress/integration'
2020-07-15 16:24:27,243 INFO o.a.j.s.SaveService: Testplan (JMX) version: 2.2. Testlog (JTL) version: 2.2
2020-07-15 16:24:27,332 INFO o.a.j.s.SaveService: Using SaveService properties file encoding UTF-8
2020-07-15 16:24:27,361 INFO o.a.j.s.SaveService: Using SaveService properties version 5.0
2020-07-15 16:24:27,404 INFO o.a.j.s.SaveService: Loading file: cypress/integration/addAClient_performance.jmx
2020-07-15 16:24:27,624 INFO o.a.j.p.h.c.CookieManager: Settings: Delete null: true Check: true Allow variable: true Save: false Prefix: COOKIE_
2020-07-15 16:24:27,689 INFO o.a.j.p.h.c.CacheManager: Will only cache the following methods: [GET]
2020-07-15 16:24:27,862 INFO o.a.j.p.h.s.HTTPSamplerBase: Parser for text/html is org.apache.jmeter.protocol.http.parser.LagartoBasedHtmlParser
2020-07-15 16:24:27,862 INFO o.a.j.p.h.s.HTTPSamplerBase: Parser for application/xhtml+xml is org.apache.jmeter.protocol.http.parser.LagartoBasedHtmlParser
2020-07-15 16:24:27,863 INFO o.a.j.p.h.s.HTTPSamplerBase: Parser for application/xml is org.apache.jmeter.protocol.http.parser.LagartoBasedHtmlParser
2020-07-15 16:24:27,863 INFO o.a.j.p.h.s.HTTPSamplerBase: Parser for text/xml is org.apache.jmeter.protocol.http.parser.LagartoBasedHtmlParser
2020-07-15 16:24:27,863 INFO o.a.j.p.h.s.HTTPSamplerBase: Parser for text/vnd.wap.wml is org.apache.jmeter.protocol.http.parser.RegexpHTMLParser
2020-07-15 16:24:27,864 INFO o.a.j.p.h.s.HTTPSamplerBase: Parser for text/css is org.apache.jmeter.protocol.http.parser.CssParser
2020-07-15 16:24:28,161 INFO o.a.j.JMeter: Creating summariser <summary>
2020-07-15 16:24:28,180 INFO o.a.j.r.d.ReportGenerator: ReportGenerator will use for Parsing the separator: ','
2020-07-15 16:24:28,181 INFO o.a.j.r.d.ReportGenerator: Will generate report at end of test from  results file: result.csv
2020-07-15 16:24:28,181 INFO o.a.j.r.d.ReportGenerator: Reading report generator properties from: /home/christophe/Documents/Jmeter/apache-jmeter-5.3/bin/reportgenerator.properties
2020-07-15 16:24:28,183 INFO o.a.j.r.d.ReportGenerator: Merging with JMeter properties
2020-07-15 16:24:28,201 INFO o.a.j.r.c.ReportGeneratorConfiguration: Property 'jmeter.reportgenerator.temp_dir' not found, using default value 'temp' instead.
2020-07-15 16:24:28,213 INFO o.a.j.r.c.ReportGeneratorConfiguration: Property 'jmeter.reportgenerator.apdex_per_transaction' not found, using default value 'null' instead.
2020-07-15 16:24:28,214 INFO o.a.j.r.c.ReportGeneratorConfiguration: apdex_per_transaction is empty, not APDEX per transaction customization
2020-07-15 16:24:28,214 INFO o.a.j.r.c.ReportGeneratorConfiguration: Property 'jmeter.reportgenerator.sample_filter' not found, using default value 'null' instead.
2020-07-15 16:24:28,215 INFO o.a.j.r.c.ReportGeneratorConfiguration: Property 'jmeter.reportgenerator.report_title' not found, using default value 'null' instead.
2020-07-15 16:24:28,215 INFO o.a.j.r.c.ReportGeneratorConfiguration: Property 'jmeter.reportgenerator.start_date' not found, using default value 'null' instead.
2020-07-15 16:24:28,215 INFO o.a.j.r.c.ReportGeneratorConfiguration: Property 'jmeter.reportgenerator.end_date' not found, using default value 'null' instead.
2020-07-15 16:24:28,216 INFO o.a.j.r.c.ReportGeneratorConfiguration: Property 'jmeter.reportgenerator.date_format' not found, using default value 'null' instead.
2020-07-15 16:24:28,217 INFO o.a.j.r.c.ReportGeneratorConfiguration: Will use date range start date: null, end date: null
2020-07-15 16:24:28,234 INFO o.a.j.r.c.ReportGeneratorConfiguration: Property 'jmeter.reportgenerator.graph.totalTPS.exclude_controllers' not found, using default value 'false' instead.
2020-07-15 16:24:28,235 INFO o.a.j.r.c.ReportGeneratorConfiguration: Property 'jmeter.reportgenerator.graph.activeThreadsOverTime.exclude_controllers' not found, using default value 'false' instead.
2020-07-15 16:24:28,235 INFO o.a.j.r.c.ReportGeneratorConfiguration: Property 'jmeter.reportgenerator.graph.timeVsThreads.exclude_controllers' not found, using default value 'false' instead.
2020-07-15 16:24:28,236 INFO o.a.j.r.c.ReportGeneratorConfiguration: Property 'jmeter.reportgenerator.graph.responseTimeDistribution.exclude_controllers' not found, using default value 'false' instead.
2020-07-15 16:24:28,236 INFO o.a.j.r.c.ReportGeneratorConfiguration: Property 'jmeter.reportgenerator.graph.transactionsPerSecond.exclude_controllers' not found, using default value 'false' instead.
2020-07-15 16:24:28,237 INFO o.a.j.r.c.ReportGeneratorConfiguration: Property 'jmeter.reportgenerator.graph.responseTimePercentiles.exclude_controllers' not found, using default value 'false' instead.
2020-07-15 16:24:28,237 INFO o.a.j.r.c.ReportGeneratorConfiguration: Property 'jmeter.reportgenerator.graph.responseTimePercentilesOverTime.exclude_controllers' not found, using default value 'false' instead.
2020-07-15 16:24:28,238 INFO o.a.j.r.c.ReportGeneratorConfiguration: Property 'jmeter.reportgenerator.graph.responseTimesOverTime.exclude_controllers' not found, using default value 'false' instead.
2020-07-15 16:24:28,238 INFO o.a.j.r.c.ReportGeneratorConfiguration: Property 'jmeter.reportgenerator.graph.connectTimeOverTime.exclude_controllers' not found, using default value 'false' instead.
2020-07-15 16:24:28,239 INFO o.a.j.r.c.ReportGeneratorConfiguration: Property 'jmeter.reportgenerator.graph.latenciesOverTime.exclude_controllers' not found, using default value 'false' instead.
2020-07-15 16:24:28,242 INFO o.a.j.r.c.ReportGeneratorConfiguration: Property 'jmeter.reportgenerator.exporter.json.filters_only_sample_series' not found, using default value 'true' instead.
2020-07-15 16:24:28,242 INFO o.a.j.r.c.ReportGeneratorConfiguration: Property 'jmeter.reportgenerator.exporter.json.series_filter' not found, using default value '' instead.
2020-07-15 16:24:28,243 INFO o.a.j.r.c.ReportGeneratorConfiguration: Property 'jmeter.reportgenerator.exporter.json.show_controllers_only' not found, using default value 'false' instead.
2020-07-15 16:24:28,244 INFO o.a.j.r.c.ReportGeneratorConfiguration: Property 'jmeter.reportgenerator.exporter.html.filters_only_sample_series' not found, using default value 'true' instead.
2020-07-15 16:24:28,245 INFO o.a.j.r.c.ReportGeneratorConfiguration: Property 'jmeter.reportgenerator.exporter.html.series_filter' not found, using default value '' instead.
2020-07-15 16:24:28,246 INFO o.a.j.r.c.ReportGeneratorConfiguration: Property 'jmeter.reportgenerator.exporter.html.show_controllers_only' not found, using default value 'false' instead.
2020-07-15 16:24:28,262 INFO o.a.j.e.StandardJMeterEngine: Running the test!
2020-07-15 16:24:28,265 INFO o.a.j.s.SampleEvent: List of sample_variables: []
2020-07-15 16:24:28,265 INFO o.a.j.s.SampleEvent: List of sample_variables: []
2020-07-15 16:24:28,282 INFO o.a.j.e.u.CompoundVariable: Note: Function class names must contain the string: '.functions.'
2020-07-15 16:24:28,282 INFO o.a.j.e.u.CompoundVariable: Note: Function class names must not contain the string: '.gui.'
2020-07-15 16:24:29,499 INFO o.a.j.JMeter: Running test (1594823069499)
2020-07-15 16:24:29,586 INFO o.a.j.e.StandardJMeterEngine: Starting ThreadGroup: 1 : Thread Group
2020-07-15 16:24:29,587 INFO o.a.j.e.StandardJMeterEngine: Starting 1 threads for group Thread Group.
2020-07-15 16:24:29,587 INFO o.a.j.e.StandardJMeterEngine: Thread will continue on error
2020-07-15 16:24:29,588 INFO o.a.j.t.ThreadGroup: Starting thread group... number=1 threads=1 ramp-up=1 delayedStart=false
2020-07-15 16:24:29,606 INFO o.a.j.t.ThreadGroup: Started thread group number 1
2020-07-15 16:24:29,606 INFO o.a.j.e.StandardJMeterEngine: All thread groups have been started
2020-07-15 16:24:29,631 INFO o.a.j.s.SampleResult: Note: Sample TimeStamps are START times
2020-07-15 16:24:29,632 INFO o.a.j.s.SampleResult: sampleresult.default.encoding is set to ISO-8859-1
2020-07-15 16:24:29,633 INFO o.a.j.s.SampleResult: sampleresult.useNanoTime=true
2020-07-15 16:24:29,633 INFO o.a.j.s.SampleResult: sampleresult.nanoThreadSleep=5000
2020-07-15 16:24:29,636 INFO o.a.j.t.JMeterThread: Thread started: Thread Group 1-1
2020-07-15 16:24:29,699 INFO o.a.j.p.h.s.HTTPHCAbstractImpl: Local host = christophe-VirtualBox
2020-07-15 16:24:29,718 INFO o.a.j.p.h.s.HTTPHC4Impl: HTTP request retry count = 0
2020-07-15 16:24:30,674 INFO o.a.j.r.Summariser: summary +      1 in 00:00:01 =    0.9/s Avg:   633 Min:   633 Max:   633 Err:     0 (0.00%) Active: 1 Started: 1 Finished: 0
2020-07-15 16:24:30,733 INFO o.a.j.t.JMeterThread: Thread is done: Thread Group 1-1
2020-07-15 16:24:30,734 INFO o.a.j.t.JMeterThread: Thread finished: Thread Group 1-1
2020-07-15 16:24:30,737 INFO o.a.j.e.StandardJMeterEngine: Notifying test listeners of end of test
2020-07-15 16:24:30,740 INFO o.a.j.r.Summariser: summary +      7 in 00:00:00 =  102.9/s Avg:     4 Min:     3 Max:     8 Err:     0 (0.00%) Active: 0 Started: 1 Finished: 1
2020-07-15 16:24:30,741 INFO o.a.j.r.Summariser: summary =      8 in 00:00:01 =    6.4/s Avg:    83 Min:     3 Max:   633 Err:     0 (0.00%)
2020-07-15 16:24:30,742 INFO o.a.j.JMeter: Generating Dashboard
2020-07-15 16:24:30,742 INFO o.a.j.r.d.ReportGenerator: Flushing result collector before report Generation
2020-07-15 16:24:30,776 INFO o.a.j.r.p.NormalizerSampleConsumer: Using format, 'ms', to parse timeStamp field
2020-07-15 16:24:31,089 INFO o.a.j.r.p.AbstractSampleConsumer: class org.apache.jmeter.report.processor.AggregateConsumer#stopProducing(): beginDate produced 0 samples
2020-07-15 16:24:31,090 INFO o.a.j.r.p.AbstractSampleConsumer: class org.apache.jmeter.report.processor.AggregateConsumer#stopProducing(): endDate produced 0 samples
2020-07-15 16:24:31,101 INFO o.a.j.r.p.AbstractSampleConsumer: class org.apache.jmeter.report.processor.ApdexSummaryConsumer#stopProducing(): apdexSummary produced 0 samples
2020-07-15 16:24:31,101 INFO o.a.j.r.p.AbstractSampleConsumer: class org.apache.jmeter.report.processor.RequestsSummaryConsumer#stopProducing(): requestsSummary produced 0 samples
2020-07-15 16:24:31,126 INFO o.a.j.r.p.AbstractSampleConsumer: class org.apache.jmeter.report.processor.StatisticsSummaryConsumer#stopProducing(): statisticsSummary produced 0 samples
2020-07-15 16:24:31,143 INFO o.a.j.r.p.AbstractSampleConsumer: class org.apache.jmeter.report.processor.Top5ErrorsBySamplerConsumer#stopProducing(): top5ErrorsBySampler produced 0 samples
2020-07-15 16:24:31,143 INFO o.a.j.r.p.AbstractSampleConsumer: class org.apache.jmeter.report.processor.ErrorsSummaryConsumer#stopProducing(): errorsSummary produced 0 samples
2020-07-15 16:24:31,144 INFO o.a.j.r.p.AbstractSampleConsumer: class org.apache.jmeter.report.processor.graph.impl.HitsPerSecondGraphConsumer#stopProducing(): hitsPerSecond produced 0 samples
2020-07-15 16:24:31,177 INFO o.a.j.r.p.AbstractSampleConsumer: class org.apache.jmeter.report.processor.graph.impl.LatencyVSRequestGraphConsumer#stopProducing(): latencyVsRequest produced 0 samples
2020-07-15 16:24:31,178 INFO o.a.j.r.p.AbstractSampleConsumer: class org.apache.jmeter.report.processor.graph.impl.SyntheticResponseTimeDistributionGraphConsumer#stopProducing(): syntheticResponseTimeDistribution produced 0 samples
2020-07-15 16:24:31,185 INFO o.a.j.r.p.AbstractSampleConsumer: class org.apache.jmeter.report.processor.graph.impl.BytesThroughputGraphConsumer#stopProducing(): bytesThroughputOverTime produced 0 samples
2020-07-15 16:24:31,186 INFO o.a.j.r.p.AbstractSampleConsumer: class org.apache.jmeter.report.processor.graph.impl.CodesPerSecondGraphConsumer#stopProducing(): codesPerSecond produced 0 samples
2020-07-15 16:24:31,192 INFO o.a.j.r.p.AbstractSampleConsumer: class org.apache.jmeter.report.processor.graph.impl.ResponseTimeVSRequestGraphConsumer#stopProducing(): responseTimeVsRequest produced 0 samples
2020-07-15 16:24:31,193 INFO o.a.j.r.p.AbstractSampleConsumer: class org.apache.jmeter.report.processor.FilterConsumer#stopProducing(): startIntervalControlerFilter produced 56 samples
2020-07-15 16:24:31,193 INFO o.a.j.r.p.AbstractSampleConsumer: class org.apache.jmeter.report.processor.graph.impl.TotalTPSGraphConsumer#stopProducing(): totalTPS produced 0 samples
2020-07-15 16:24:31,193 INFO o.a.j.r.p.AbstractSampleConsumer: class org.apache.jmeter.report.processor.graph.impl.ActiveThreadsGraphConsumer#stopProducing(): activeThreadsOverTime produced 0 samples
2020-07-15 16:24:31,194 INFO o.a.j.r.p.AbstractSampleConsumer: class org.apache.jmeter.report.processor.graph.impl.TimeVSThreadGraphConsumer#stopProducing(): timeVsThreads produced 0 samples
2020-07-15 16:24:31,197 INFO o.a.j.r.p.AbstractSampleConsumer: class org.apache.jmeter.report.processor.graph.impl.ResponseTimeDistributionGraphConsumer#stopProducing(): responseTimeDistribution produced 0 samples
2020-07-15 16:24:31,198 INFO o.a.j.r.p.AbstractSampleConsumer: class org.apache.jmeter.report.processor.graph.impl.TransactionsPerSecondGraphConsumer#stopProducing(): transactionsPerSecond produced 0 samples
2020-07-15 16:24:31,198 INFO o.a.j.r.p.AbstractSampleConsumer: class org.apache.jmeter.report.processor.graph.impl.ResponseTimePercentilesGraphConsumer#stopProducing(): responseTimePercentiles produced 0 samples
2020-07-15 16:24:31,204 INFO o.a.j.r.p.AbstractSampleConsumer: class org.apache.jmeter.report.processor.graph.impl.ResponseTimePercentilesOverTimeGraphConsumer#stopProducing(): responseTimePercentilesOverTime produced 0 samples
2020-07-15 16:24:31,205 INFO o.a.j.r.p.AbstractSampleConsumer: class org.apache.jmeter.report.processor.graph.impl.ResponseTimeOverTimeGraphConsumer#stopProducing(): responseTimesOverTime produced 0 samples
2020-07-15 16:24:31,212 INFO o.a.j.r.p.AbstractSampleConsumer: class org.apache.jmeter.report.processor.graph.impl.ConnectTimeOverTimeGraphConsumer#stopProducing(): connectTimeOverTime produced 0 samples
2020-07-15 16:24:31,213 INFO o.a.j.r.p.AbstractSampleConsumer: class org.apache.jmeter.report.processor.graph.impl.LatencyOverTimeGraphConsumer#stopProducing(): latenciesOverTime produced 0 samples
2020-07-15 16:24:31,214 INFO o.a.j.r.p.AbstractSampleConsumer: class org.apache.jmeter.report.processor.FilterConsumer#stopProducing(): nameFilter produced 135 samples
2020-07-15 16:24:31,214 INFO o.a.j.r.p.AbstractSampleConsumer: class org.apache.jmeter.report.processor.FilterConsumer#stopProducing(): dateRangeFilter produced 27 samples
2020-07-15 16:24:31,214 INFO o.a.j.r.p.AbstractSampleConsumer: class org.apache.jmeter.report.processor.NormalizerSampleConsumer#stopProducing(): normalizer produced 9 samples
2020-07-15 16:24:31,216 INFO o.a.j.r.p.CsvFileSampleSource: produce(): 9 samples produced in 322ms on channel 0
2020-07-15 16:24:31,217 INFO o.a.j.r.d.ReportGenerator: Exporting data using exporter:'json' of className:'org.apache.jmeter.report.dashboard.JsonExporter'
2020-07-15 16:24:31,222 INFO o.a.j.r.d.JsonExporter: Found data for consumer statisticsSummary in context
2020-07-15 16:24:31,222 INFO o.a.j.r.d.JsonExporter: Creating statistics for overall
2020-07-15 16:24:31,223 INFO o.a.j.r.d.JsonExporter: Creating statistics for other transactions
2020-07-15 16:24:31,225 INFO o.a.j.r.d.JsonExporter: Checking output folder
2020-07-15 16:24:31,225 INFO o.a.j.r.d.JsonExporter: Writing statistics JSON to /home/christophe/Documents/CI-CD/automation-cicd-christophevalens/performance/html-reports/statistics.json
2020-07-15 16:24:31,880 INFO o.a.j.r.d.ReportGenerator: Exporting data using exporter:'html' of className:'org.apache.jmeter.report.dashboard.HtmlTemplateExporter'
2020-07-15 16:24:31,888 INFO o.a.j.r.d.HtmlTemplateExporter: Will generate dashboard in folder: /home/christophe/Documents/CI-CD/automation-cicd-christophevalens/performance/html-reports
2020-07-15 16:24:32,311 ERROR f.configuration: DefaultObjectWrapper.incompatibleImprovements was set to the object returned by Configuration.getVersion(). That defeats the purpose of incompatibleImprovements, and makes upgrading FreeMarker a potentially breaking change. Also, this probably won't be allowed starting from 2.4.0. Instead, set incompatibleImprovements to the highest concrete version that's known to be compatible with your application.
2020-07-15 16:24:32,316 ERROR f.configuration: Configuration.incompatibleImprovements was set to the object returned by Configuration.getVersion(). That defeats the purpose of incompatibleImprovements, and makes upgrading FreeMarker a potentially breaking change. Also, this probably won't be allowed starting from 2.4.0. Instead, set incompatibleImprovements to the highest concrete version that's known to be compatible with your application.
2020-07-15 16:24:32,350 INFO o.a.j.r.d.HtmlTemplateExporter: Report will be generated in: /home/christophe/Documents/CI-CD/automation-cicd-christophevalens/performance/html-reports, creating folder structure
2020-07-15 16:24:32,361 INFO o.a.j.r.d.TemplateVisitor: Copying folder from '/home/christophe/Documents/Jmeter/apache-jmeter-5.3/bin/report-template' to '/home/christophe/Documents/CI-CD/automation-cicd-christophevalens/performance/html-reports', got message: /home/christophe/Documents/CI-CD/automation-cicd-christophevalens/performance/html-reports, found non empty folder with following content [/home/christophe/Documents/CI-CD/automation-cicd-christophevalens/performance/html-reports/statistics.json], will be ignored
2020-07-15 16:24:33,206 INFO o.a.j.JMeter: Dashboard generated
